<?xml version="1.0" encoding="UTF-8"?>
<testsuite name="TestSuite" time="39.918" tests="2" errors="0" skipped="0" failures="1">
  <properties>
[...]
</properties>
  <testcase name="method1" classname="com.jenkins.praneeth.Jenkins_Test1" time="18.378"/>
  <testcase name="method1" classname="com.jenkins.praneeth.Jenkins_Test2" time="21.54">
    <failure message="expected [true] but found [false]" type="java.lang.AssertionError">java.lang.AssertionError: expected [true] but found [false]
	at org.testng.Assert.fail(Assert.java:94)
	at org.testng.Assert.failNotEquals(Assert.java:513)
	at org.testng.Assert.assertTrue(Assert.java:42)
	at org.testng.Assert.assertTrue(Assert.java:52)
	at com.jenkins.praneeth.Jenkins_Test2.method1(Jenkins_Test2.java:19)
</failure>
    <system-out><![CDATA[Welcome to Jenkins
]]></system-out>
    <system-err><![CDATA[1511286921248	geckodriver	INFO	geckodriver 0.19.0 (f0b5f3476d8b05a3bacebb06056ff933e26a17fa 2017-09-16)
1511286921283	geckodriver	INFO	Listening on 127.0.0.1:3650
1511286921868	mozrunner::runner	INFO	Running command: "C:\\Program Files\\Mozilla Firefox\\firefox.exe" "-marionette" "-profile" "C:\\Users\\PRANEE~1\\AppData\\Local\\Temp\\rust_mozprofile.fNuSYfI1487L"
1511286923508	addons.xpi	WARN	Error parsing extensions state: [Exception... "Component returned failure code: 0x80520012 (NS_ERROR_FILE_NOT_FOUND) [amIAddonManagerStartup.readStartupData]"  nsresult: "0x80520012 (NS_ERROR_FILE_NOT_FOUND)"  location: "JS frame :: resource://gre/modules/addons/XPIProvider.jsm :: loadExtensionState :: line 1554"  data: no] Stack trace: loadExtensionState()@resource://gre/modules/addons/XPIProvider.jsm:1554 < getInstallState()@resource://gre/modules/addons/XPIProvider.jsm:1589 < checkForChanges()@resource://gre/modules/addons/XPIProvider.jsm:3109 < startup()@resource://gre/modules/addons/XPIProvider.jsm:2188 < callProvider()@resource://gre/modules/AddonManager.jsm:269 < _startProvider()@resource://gre/modules/AddonManager.jsm:739 < startup()@resource://gre/modules/AddonManager.jsm:906 < startup()@resource://gre/modules/AddonManager.jsm:3090 < observe()@jar:file:///C:/Program%20Files/Mozilla%20Firefox/omni.ja!/components/addonManager.js:65
1511286925245	Marionette	INFO	Enabled via --marionette
1511286933933	Marionette	INFO	Listening on port 57256
Unable to read VR Path Registry from C:\Users\praneethM\AppData\Local\openvr\openvrpaths.vrpath
[Child 8116] WARNING: pipe error: 109: file z:/build/build/src/ipc/chromium/src/chrome/common/ipc_channel_win.cc, line 346
[Child 8116] WARNING: pipe error: 109: file z:/build/build/src/ipc/chromium/src/chrome/common/ipc_channel_win.cc, line 346
1511286934651	Marionette	WARN	TLS certificate errors will be ignored for this session
1511286934847	Marionette	DEBUG	Register listener.js for window 6442450945
Nov 21, 2017 11:55:34 AM org.openqa.selenium.remote.ProtocolHandshake createSession
INFO: Detected dialect: W3C
1511286934938	Marionette	DEBUG	Received DOM event "beforeunload" for "about:blank"
1511286940563	Marionette	DEBUG	Received DOM event "pagehide" for "about:blank"
1511286940564	Marionette	DEBUG	Received DOM event "unload" for "about:blank"
1511286941201	Marionette	DEBUG	Received DOM event "DOMContentLoaded" for "https://www.google.co.in/"
1511286942605	Marionette	DEBUG	Received DOM event "pageshow" for "https://www.google.co.in/"
]]></system-err>
  </testcase>
</testsuite>