<?xml version="1.0" encoding="UTF-8"?>
<testng-results skipped="0" failed="0" ignored="0" total="1" passed="1">
  <reporter-output>
  </reporter-output>
  <suite name="Suite" duration-ms="19740" started-at="2017-11-20T23:58:16Z" finished-at="2017-11-20T23:58:36Z">
    <groups>
    </groups>
    <test name="Test" duration-ms="19740" started-at="2017-11-20T23:58:16Z" finished-at="2017-11-20T23:58:36Z">
      <class name="com.jenkins.praneeth.Jenkins_Test2">
        <test-method status="PASS" signature="method1()[pri:0, instance:com.jenkins.praneeth.Jenkins_Test2@16d4b5c]" name="method1" duration-ms="19656" started-at="2017-11-20T17:58:16Z" finished-at="2017-11-20T17:58:36Z">
          <reporter-output>
          </reporter-output>
        </test-method> <!-- method1 -->
      </class> <!-- com.jenkins.praneeth.Jenkins_Test2 -->
    </test> <!-- Test -->
  </suite> <!-- Suite -->
</testng-results>
